<?xml version="1.0" encoding="UTF-8"?>
<!-- Generated by org.testng.reporters.JUnitXMLReporter -->
<testsuite hostname="HMZ.local" ignored="0" name="Default test" tests="1" failures="1" timestamp="02 Jul 2019 08:40:46 GMT" time="0.604" errors="0">
  <testcase name="runScenario" time="0.271" classname="cucumber.api.testng.AbstractTestNGCucumberTests">
    <failure type="java.lang.NullPointerException">
      <![CDATA[java.lang.NullPointerException
at com.testautomation.listeners.ExtentReportListener.testStepHandle(ExtentReportListener.java:52)
at com.testautomation.StepDef.SearchStringStepDef.open_browser_and_enter_url(SearchStringStepDef.java:49)
at ✽.Open browser and enter url(./features/FirstScenario.feature:5)
]]>
    </failure>
  </testcase> <!-- runScenario -->
</testsuite> <!-- Default test -->
